TN:
SF:src/app/layout.tsx
FN:20,RootLayout
FNF:1
FNH:1
FNDA:4,RootLayout
DA:2,1
DA:3,1
DA:5,1
DA:10,1
DA:15,1
DA:20,4
LF:6
LH:6
BRF:0
BRH:0
end_of_record
TN:
SF:src/app/page.tsx
FN:3,Home
FNF:1
FNH:1
FNDA:12,Home
DA:1,1
DA:3,12
LF:2
LH:2
BRF:0
BRH:0
end_of_record
TN:
SF:src/components/content/CTASection.tsx
FN:65,(anonymous_5)
FN:205,(anonymous_6)
FNF:2
FNH:2
FNDA:35,(anonymous_5)
FNDA:4,(anonymous_6)
DA:1,1
DA:2,1
DA:3,1
DA:4,1
DA:5,1
DA:9,1
DA:64,1
DA:81,35
DA:87,35
DA:195,1
DA:205,1
DA:232,31
LF:12
LH:12
BRDA:76,0,0,29
BRDA:77,1,0,30
BRDA:83,2,0,35
BRDA:83,2,1,7
BRDA:84,3,0,35
BRDA:84,3,1,5
BRDA:87,4,0,35
BRDA:87,4,1,33
BRDA:87,4,2,32
BRDA:87,4,3,30
BRDA:87,4,4,7
BRDA:94,5,0,7
BRDA:94,5,1,28
BRDA:104,6,0,35
BRDA:130,7,0,35
BRDA:130,7,1,7
BRDA:137,8,0,35
BRDA:137,8,1,1
BRDA:138,9,0,35
BRDA:138,9,1,1
BRDA:143,10,0,9
BRDA:143,10,1,26
BRDA:149,11,0,35
BRDA:152,12,0,3
BRDA:152,12,1,2
BRDA:161,13,0,35
BRDA:161,13,1,1
BRDA:162,14,0,35
BRDA:162,14,1,1
BRDA:167,15,0,35
BRDA:167,15,1,34
BRDA:167,16,0,9
BRDA:167,16,1,25
BRDA:174,17,0,35
BRDA:177,18,0,5
BRDA:177,18,1,4
BRDA:181,19,0,5
BRDA:181,19,1,2
BRDA:181,19,2,0
BRDA:208,20,0,3
BRDA:209,21,0,3
BRDA:219,22,0,3
BRDA:219,22,1,1
BRF:43
BRH:42
end_of_record
TN:
SF:src/components/content/FeatureCards.tsx
FN:79,(anonymous_6)
FN:125,(anonymous_7)
FN:212,(anonymous_8)
FN:221,(anonymous_9)
FNF:4
FNH:4
FNDA:38,(anonymous_6)
FNDA:105,(anonymous_7)
FNDA:5,(anonymous_8)
FNDA:9,(anonymous_9)
DA:1,1
DA:2,1
DA:3,1
DA:4,1
DA:5,1
DA:6,1
DA:7,1
DA:11,1
DA:29,1
DA:78,1
DA:126,105
DA:199,1
DA:212,1
DA:221,9
DA:248,33
LF:15
LH:15
BRDA:86,0,0,30
BRDA:87,1,0,34
BRDA:88,2,0,35
BRDA:89,3,0,35
BRDA:90,4,0,37
BRDA:103,5,0,38
BRDA:103,5,1,34
BRDA:103,5,2,34
BRDA:105,6,0,4
BRDA:110,7,0,4
BRDA:115,8,0,4
BRDA:133,9,0,105
BRDA:138,10,0,105
BRDA:138,10,1,32
BRDA:153,11,0,105
BRDA:153,11,1,40
BRDA:182,12,0,38
BRDA:218,13,0,4
BRDA:219,14,0,4
BRDA:224,15,0,9
BRDA:224,15,1,0
BRDA:227,16,0,9
BRDA:227,16,1,0
BRF:23
BRH:21
end_of_record
TN:
SF:src/components/content/Hero.tsx
FN:61,(anonymous_5)
FN:173,(anonymous_6)
FNF:2
FNH:2
FNDA:35,(anonymous_5)
FNDA:5,(anonymous_6)
DA:1,1
DA:2,1
DA:3,1
DA:4,1
DA:5,1
DA:9,1
DA:60,1
DA:76,35
DA:164,1
DA:173,1
DA:195,30
LF:11
LH:11
BRDA:71,0,0,27
BRDA:76,1,0,6
BRDA:76,1,1,29
BRDA:83,2,0,6
BRDA:83,2,1,29
BRDA:88,3,0,35
BRDA:88,3,1,6
BRDA:95,4,0,35
BRDA:95,4,1,6
BRDA:96,5,0,35
BRDA:96,5,1,1
BRDA:101,6,0,9
BRDA:101,6,1,26
BRDA:101,7,0,35
BRDA:101,7,1,29
BRDA:101,7,2,27
BRDA:101,7,3,3
BRDA:109,8,0,35
BRDA:112,9,0,4
BRDA:112,9,1,2
BRDA:112,10,0,6
BRDA:112,10,1,2
BRDA:112,10,2,2
BRDA:112,10,3,0
BRDA:121,11,0,35
BRDA:121,11,1,28
BRDA:124,12,0,8
BRDA:124,12,1,5
BRDA:125,13,0,8
BRDA:125,13,1,0
BRDA:128,14,0,8
BRDA:131,15,0,4
BRDA:131,15,1,3
BRDA:131,16,0,7
BRDA:131,16,1,3
BRDA:131,16,2,3
BRDA:131,16,3,0
BRDA:138,17,0,8
BRDA:152,18,0,35
BRDA:176,19,0,4
BRDA:188,20,0,4
BRDA:188,20,1,1
BRF:42
BRH:39
end_of_record
TN:
SF:src/components/layout/Container.tsx
FNF:0
FNH:0
DA:1,1
DA:2,1
DA:3,1
DA:6,1
DA:49,1
DA:51,23
LF:6
LH:6
BRDA:40,0,0,19
BRF:1
BRH:1
end_of_record
TN:
SF:src/components/layout/Footer.tsx
FN:145,(anonymous_2)
FN:172,(anonymous_3)
FN:186,(anonymous_4)
FN:192,(anonymous_5)
FN:219,(anonymous_6)
FN:235,(anonymous_7)
FNF:6
FNH:6
FNDA:36,(anonymous_2)
FNDA:134,(anonymous_3)
FNDA:129,(anonymous_4)
FNDA:616,(anonymous_5)
FNDA:102,(anonymous_6)
FNDA:101,(anonymous_7)
DA:1,1
DA:2,1
DA:3,1
DA:4,1
DA:43,1
DA:87,1
DA:127,1
DA:135,1
DA:145,1
DA:173,134
DA:187,129
DA:193,616
DA:220,102
DA:236,101
DA:291,36
LF:15
LH:15
BRDA:147,0,0,30
BRDA:148,1,0,32
BRDA:149,2,0,31
BRDA:150,3,0,31
BRDA:209,4,0,36
BRDA:213,5,0,36
BRDA:229,6,0,36
BRDA:249,7,0,36
BRDA:266,8,0,36
BRDA:273,9,0,36
BRF:10
BRH:10
end_of_record
TN:
SF:src/components/layout/Grid.tsx
FNF:0
FNH:0
DA:1,1
DA:2,1
DA:3,1
DA:6,1
DA:63,1
DA:66,1
DA:118,1
DA:120,27
LF:8
LH:8
BRDA:54,0,0,25
BRDA:109,1,0,17
BRF:2
BRH:2
end_of_record
TN:
SF:src/components/layout/Header.tsx
FN:48,(anonymous_5)
FN:55,(anonymous_6)
FN:81,(anonymous_7)
FN:109,(anonymous_8)
FN:180,(anonymous_9)
FN:185,(anonymous_10)
FN:191,(anonymous_11)
FN:196,(anonymous_12)
FNF:8
FNH:7
FNDA:42,(anonymous_5)
FNDA:8,(anonymous_6)
FNDA:170,(anonymous_7)
FNDA:256,(anonymous_8)
FNDA:27,(anonymous_9)
FNDA:1,(anonymous_10)
FNDA:40,(anonymous_11)
FNDA:0,(anonymous_12)
DA:1,1
DA:2,1
DA:3,1
DA:4,1
DA:5,1
DA:22,1
DA:48,1
DA:53,42
DA:55,42
DA:56,8
DA:82,170
DA:110,256
DA:181,27
DA:185,1
DA:192,40
DA:196,0
DA:223,33
LF:17
LH:16
BRDA:49,0,0,25
BRDA:51,1,0,41
BRDA:63,2,0,42
BRDA:63,2,1,41
BRDA:88,3,0,170
BRDA:106,4,0,170
BRDA:143,5,0,35
BRDA:177,6,0,42
BRDA:189,7,0,27
BRF:9
BRH:9
end_of_record
TN:
SF:src/components/layout/Layout.tsx
FN:13,(anonymous_2)
FNF:1
FNH:1
FNDA:16,(anonymous_2)
DA:1,1
DA:2,1
DA:3,1
DA:4,1
DA:13,1
DA:30,16
LF:6
LH:6
BRDA:16,0,0,11
BRDA:17,1,0,11
BRDA:21,2,0,16
BRDA:21,2,1,12
BRDA:25,3,0,16
BRDA:25,3,1,13
BRF:6
BRH:6
end_of_record
TN:
SF:src/components/templates/HomePage.tsx
FN:59,(anonymous_4)
FN:82,(anonymous_5)
FN:191,(anonymous_6)
FN:216,(anonymous_7)
FNF:4
FNH:4
FNDA:264,(anonymous_4)
FNDA:22,(anonymous_5)
FNDA:88,(anonymous_6)
FNDA:88,(anonymous_7)
DA:1,1
DA:2,1
DA:3,1
DA:4,1
DA:5,1
DA:6,1
DA:7,1
DA:8,1
DA:9,1
DA:10,1
DA:60,264
DA:82,1
DA:84,22
DA:99,22
DA:102,22
DA:150,22
DA:192,88
DA:217,88
DA:292,22
LF:19
LH:19
BRDA:42,0,0,0
BRDA:46,1,0,88
BRDA:57,2,0,88
BRDA:99,3,0,22
BRDA:99,3,1,21
BRF:5
BRH:4
end_of_record
TN:
SF:src/components/ui/Button.tsx
FN:49,(anonymous_4)
FNF:1
FNH:1
FNDA:30,(anonymous_4)
DA:1,1
DA:2,1
DA:3,1
DA:6,1
DA:48,1
DA:62,30
DA:106,1
DA:108,30
LF:8
LH:8
BRDA:54,0,0,30
BRDA:55,1,0,26
BRDA:62,2,0,30
BRDA:62,2,1,27
BRDA:72,3,0,30
BRDA:94,4,0,30
BRDA:94,4,1,26
BRDA:98,5,0,30
BRDA:98,5,1,26
BRF:9
BRH:9
end_of_record
TN:
SF:src/components/ui/Card.tsx
FNF:0
FNH:0
DA:1,1
DA:2,1
DA:3,1
DA:6,1
DA:54,1
DA:66,1
DA:80,1
DA:94,1
DA:104,1
DA:118,1
DA:121,18
DA:122,4
DA:123,4
DA:124,4
DA:125,4
DA:126,4
DA:127,2
LF:17
LH:17
BRF:0
BRH:0
end_of_record
TN:
SF:src/components/ui/Input.tsx
FN:39,(anonymous_4)
FNF:1
FNH:1
FNDA:35,(anonymous_4)
DA:1,1
DA:2,1
DA:3,1
DA:6,1
DA:38,1
DA:52,35
DA:53,35
DA:54,35
DA:116,1
DA:118,35
LF:10
LH:10
BRDA:43,0,0,33
BRDA:52,1,0,35
BRDA:52,1,1,34
BRDA:54,2,0,4
BRDA:54,2,1,31
BRDA:58,3,0,35
BRDA:67,4,0,35
BRDA:77,5,0,35
BRDA:77,5,1,3
BRDA:78,6,0,35
BRDA:78,6,1,3
BRDA:84,7,0,4
BRDA:84,7,1,31
BRDA:84,8,0,3
BRDA:84,8,1,28
BRDA:88,9,0,35
BRDA:94,10,0,35
BRDA:103,11,0,35
BRDA:103,11,1,4
BRF:19
BRH:19
end_of_record
TN:
SF:src/lib/content-management.ts
FN:37,isValidUrl
FN:52,validateHomePage
FN:99,validateProductPage
FN:142,validateCorporatePage
FN:223,(anonymous_15)
FN:231,(anonymous_16)
FN:240,(anonymous_17)
FN:248,(anonymous_18)
FN:252,(anonymous_19)
FN:254,(anonymous_20)
FN:281,(anonymous_22)
FN:327,(anonymous_23)
FN:333,(anonymous_24)
FN:337,(anonymous_25)
FN:346,(anonymous_26)
FN:347,(anonymous_27)
FN:366,auditExistingContent
FN:381,(anonymous_30)
FN:403,(anonymous_31)
FN:404,(anonymous_32)
FN:406,(anonymous_33)
FN:452,generatePreviewUrl
FN:457,validatePreviewSecret
FNF:23
FNH:23
FNDA:8,isValidUrl
FNDA:10,validateHomePage
FNDA:2,validateProductPage
FNDA:2,validateCorporatePage
FNDA:6,(anonymous_15)
FNDA:1,(anonymous_16)
FNDA:2,(anonymous_17)
FNDA:4,(anonymous_18)
FNDA:2,(anonymous_19)
FNDA:6,(anonymous_20)
FNDA:5,(anonymous_22)
FNDA:35,(anonymous_23)
FNDA:7,(anonymous_24)
FNDA:4,(anonymous_25)
FNDA:3,(anonymous_26)
FNDA:21,(anonymous_27)
FNDA:4,auditExistingContent
FNDA:12,(anonymous_30)
FNDA:3,(anonymous_31)
FNDA:15,(anonymous_32)
FNDA:12,(anonymous_33)
FNDA:2,generatePreviewUrl
FNDA:3,validatePreviewSecret
DA:16,1
DA:39,8
DA:40,4
DA:44,4
DA:45,4
DA:46,0
DA:48,4
DA:52,8
DA:53,10
DA:54,10
DA:57,10
DA:58,1
DA:60,10
DA:61,0
DA:63,10
DA:64,0
DA:68,10
DA:69,10
DA:70,10
DA:71,10
DA:72,10
DA:75,10
DA:76,4
DA:80,10
DA:81,3
DA:83,10
DA:84,1
DA:88,10
DA:89,6
DA:92,10
DA:99,2
DA:100,2
DA:101,2
DA:104,2
DA:105,2
DA:106,2
DA:107,2
DA:110,2
DA:111,0
DA:115,2
DA:116,1
DA:117,0
DA:119,1
DA:120,0
DA:124,2
DA:125,0
DA:126,0
DA:131,2
DA:132,0
DA:135,2
DA:142,2
DA:143,2
DA:144,2
DA:147,2
DA:148,2
DA:149,2
DA:150,2
DA:151,2
DA:154,2
DA:155,0
DA:159,2
DA:160,2
DA:161,0
DA:163,2
DA:164,0
DA:169,2
DA:170,0
DA:171,2
DA:172,1
DA:176,2
DA:177,1
DA:181,2
DA:182,0
DA:184,2
DA:185,0
DA:189,2
DA:190,2
DA:191,0
DA:195,2
DA:196,0
DA:197,0
DA:201,2
DA:220,6
DA:221,6
DA:224,6
DA:232,1
DA:233,1
DA:234,1
DA:235,1
DA:236,1
DA:241,2
DA:242,2
DA:243,2
DA:244,2
DA:249,4
DA:253,2
DA:254,2
DA:255,6
DA:256,3
DA:259,2
DA:277,5
DA:278,5
DA:282,5
DA:327,5
DA:328,35
DA:329,35
DA:334,7
DA:338,4
DA:339,4
DA:340,4
DA:341,4
DA:342,4
DA:347,21
DA:366,4
DA:367,4
DA:368,4
DA:374,3
DA:381,12
DA:383,3
DA:384,3
DA:385,3
DA:388,3
DA:389,2
DA:390,2
DA:391,2
DA:392,0
DA:398,1
DA:402,3
DA:403,3
DA:404,15
DA:406,3
DA:407,12
DA:411,3
DA:412,3
DA:415,3
DA:416,0
DA:419,3
DA:420,3
DA:423,3
DA:432,1
DA:433,1
DA:452,2
DA:453,2
DA:454,2
DA:457,3
DA:458,3
DA:459,3
DA:467,1
DA:468,2
DA:471,1
LF:150
LH:130
BRDA:39,0,0,4
BRDA:39,0,1,4
BRDA:57,1,0,1
BRDA:57,1,1,9
BRDA:57,2,0,10
BRDA:57,2,1,9
BRDA:60,3,0,0
BRDA:60,3,1,10
BRDA:60,4,0,10
BRDA:60,4,1,9
BRDA:63,5,0,0
BRDA:63,5,1,10
BRDA:63,6,0,10
BRDA:63,6,1,9
BRDA:68,7,0,1
BRDA:68,7,1,9
BRDA:69,8,0,1
BRDA:69,8,1,9
BRDA:70,9,0,1
BRDA:70,9,1,9
BRDA:71,10,0,2
BRDA:71,10,1,8
BRDA:72,11,0,2
BRDA:72,11,1,8
BRDA:75,12,0,4
BRDA:75,12,1,6
BRDA:75,13,0,10
BRDA:75,13,1,8
BRDA:80,14,0,3
BRDA:80,14,1,7
BRDA:80,15,0,10
BRDA:80,15,1,8
BRDA:83,16,0,1
BRDA:83,16,1,9
BRDA:83,17,0,10
BRDA:83,17,1,8
BRDA:88,18,0,6
BRDA:88,18,1,4
BRDA:88,19,0,10
BRDA:88,19,1,7
BRDA:104,20,0,0
BRDA:104,20,1,2
BRDA:105,21,0,1
BRDA:105,21,1,1
BRDA:106,22,0,1
BRDA:106,22,1,1
BRDA:107,23,0,1
BRDA:107,23,1,1
BRDA:110,24,0,0
BRDA:110,24,1,2
BRDA:110,25,0,2
BRDA:110,25,1,1
BRDA:115,26,0,1
BRDA:115,26,1,1
BRDA:116,27,0,0
BRDA:116,27,1,1
BRDA:119,28,0,0
BRDA:119,28,1,1
BRDA:124,29,0,0
BRDA:124,29,1,2
BRDA:125,30,0,0
BRDA:125,30,1,0
BRDA:131,31,0,0
BRDA:131,31,1,2
BRDA:131,32,0,2
BRDA:131,32,1,1
BRDA:147,33,0,0
BRDA:147,33,1,2
BRDA:148,34,0,0
BRDA:148,34,1,2
BRDA:149,35,0,0
BRDA:149,35,1,2
BRDA:150,36,0,0
BRDA:150,36,1,2
BRDA:151,37,0,0
BRDA:151,37,1,2
BRDA:154,38,0,0
BRDA:154,38,1,2
BRDA:154,39,0,2
BRDA:154,39,1,2
BRDA:159,40,0,2
BRDA:159,40,1,0
BRDA:160,41,0,0
BRDA:160,41,1,2
BRDA:163,42,0,0
BRDA:163,42,1,2
BRDA:169,43,0,0
BRDA:169,43,1,2
BRDA:171,44,0,1
BRDA:171,44,1,1
BRDA:171,45,0,2
BRDA:171,45,1,1
BRDA:176,46,0,1
BRDA:176,46,1,1
BRDA:176,47,0,2
BRDA:176,47,1,2
BRDA:181,48,0,0
BRDA:181,48,1,2
BRDA:181,49,0,2
BRDA:181,49,1,2
BRDA:184,50,0,0
BRDA:184,50,1,2
BRDA:184,51,0,2
BRDA:184,51,1,2
BRDA:189,52,0,2
BRDA:189,52,1,0
BRDA:190,53,0,0
BRDA:190,53,1,2
BRDA:195,54,0,0
BRDA:195,54,1,2
BRDA:196,55,0,0
BRDA:196,55,1,0
BRDA:196,56,0,0
BRDA:196,56,1,0
BRDA:223,57,0,2
BRDA:233,58,0,1
BRDA:233,58,1,0
BRDA:236,59,0,1
BRDA:236,59,1,0
BRDA:242,60,0,2
BRDA:242,60,1,0
BRDA:243,61,0,1
BRDA:243,61,1,1
BRDA:255,62,0,3
BRDA:255,62,1,3
BRDA:339,63,0,4
BRDA:339,63,1,0
BRDA:341,64,0,1
BRDA:341,64,1,3
BRDA:342,65,0,1
BRDA:342,65,1,3
BRDA:375,66,0,2
BRDA:375,66,1,1
BRDA:388,67,0,2
BRDA:388,67,1,1
BRDA:391,68,0,0
BRDA:391,68,1,2
BRDA:391,69,0,2
BRDA:391,69,1,2
BRDA:411,70,0,3
BRDA:411,70,1,0
BRDA:415,71,0,0
BRDA:415,71,1,3
BRDA:419,72,0,3
BRDA:419,72,1,0
BRDA:453,73,0,2
BRDA:453,73,1,1
BRDA:459,74,0,3
BRDA:459,74,1,2
BRF:149
BRH:112
end_of_record
TN:
SF:src/lib/contentful.ts
FN:25,getEntries
FN:39,getEntry
FN:50,getHomePage
FN:60,getProductPages
FN:64,getProductPageBySlug
FN:78,getCorporatePages
FN:82,getCorporatePageBySlug
FN:96,getSiteNavigation
FN:107,getAssetUrl
FN:113,getOptimizedImageUrl
FN:133,extractPlainText
FN:137,(anonymous_31)
FN:156,getPreviewEntry
FN:167,getAllProductSlugs
FN:170,(anonymous_34)
FN:177,getAllCorporateSlugs
FN:180,(anonymous_36)
FN:188,transformHomePage
FN:210,transformProductPage
FN:248,transformCorporatePage
FN:265,transformSiteNavigation
FNF:21
FNH:20
FNDA:14,getEntries
FNDA:2,getEntry
FNDA:3,getHomePage
FNDA:3,getProductPages
FNDA:3,getProductPageBySlug
FNDA:3,getCorporatePages
FNDA:2,getCorporatePageBySlug
FNDA:2,getSiteNavigation
FNDA:8,getAssetUrl
FNDA:3,getOptimizedImageUrl
FNDA:3,extractPlainText
FNDA:3,(anonymous_31)
FNDA:0,getPreviewEntry
FNDA:2,getAllProductSlugs
FNDA:3,(anonymous_34)
FNDA:2,getAllCorporateSlugs
FNDA:2,(anonymous_36)
FNDA:2,transformHomePage
FNDA:1,transformProductPage
FNDA:1,transformCorporatePage
FNDA:1,transformSiteNavigation
DA:1,1
DA:19,1
DA:25,3
DA:26,14
DA:27,14
DA:31,9
DA:33,5
DA:34,5
DA:39,2
DA:40,2
DA:41,2
DA:42,1
DA:44,1
DA:45,1
DA:50,3
DA:51,3
DA:52,3
DA:53,3
DA:55,0
DA:56,0
DA:60,1
DA:61,3
DA:64,3
DA:65,3
DA:66,3
DA:71,2
DA:73,1
DA:74,1
DA:78,1
DA:79,3
DA:82,2
DA:83,2
DA:84,2
DA:89,1
DA:91,1
DA:92,1
DA:96,2
DA:97,2
DA:98,2
DA:99,2
DA:101,0
DA:102,0
DA:107,5
DA:108,8
DA:109,4
DA:110,4
DA:113,3
DA:119,3
DA:120,3
DA:122,2
DA:123,2
DA:124,2
DA:125,2
DA:126,2
DA:127,2
DA:129,2
DA:133,3
DA:134,3
DA:136,1
DA:137,1
DA:138,3
DA:139,2
DA:140,1
DA:141,1
DA:145,1
DA:146,1
DA:150,1
DA:156,1
DA:157,0
DA:158,0
DA:159,0
DA:161,0
DA:162,0
DA:167,2
DA:168,2
DA:169,2
DA:170,3
DA:172,0
DA:173,0
DA:177,2
DA:178,2
DA:179,2
DA:180,2
DA:182,0
DA:183,0
DA:188,2
DA:189,2
DA:210,1
DA:211,1
DA:248,1
DA:249,1
DA:265,1
DA:266,1
LF:93
LH:80
BRDA:20,0,0,1
BRDA:20,0,1,1
BRDA:21,1,0,1
BRDA:21,1,1,1
BRDA:29,2,0,14
BRDA:29,2,1,8
BRDA:53,3,0,3
BRDA:53,3,1,2
BRDA:71,4,0,2
BRDA:71,4,1,1
BRDA:89,5,0,1
BRDA:89,5,1,0
BRDA:99,6,0,2
BRDA:99,6,1,1
BRDA:108,7,0,4
BRDA:108,7,1,4
BRDA:110,8,0,1
BRDA:110,8,1,3
BRDA:120,9,0,1
BRDA:120,9,1,2
BRDA:123,10,0,2
BRDA:123,10,1,0
BRDA:124,11,0,1
BRDA:124,11,1,1
BRDA:125,12,0,1
BRDA:125,12,1,1
BRDA:134,13,0,2
BRDA:134,13,1,1
BRDA:138,14,0,2
BRDA:138,14,1,1
BRDA:140,15,0,1
BRDA:140,15,1,0
BRDA:151,16,0,1
BRDA:151,16,1,1
BRDA:152,17,0,1
BRDA:152,17,1,1
BRDA:190,18,0,2
BRDA:190,18,1,1
BRDA:191,19,0,2
BRDA:191,19,1,1
BRDA:192,20,0,2
BRDA:192,20,1,1
BRDA:194,21,0,2
BRDA:194,21,1,1
BRDA:195,22,0,2
BRDA:195,22,1,1
BRDA:196,23,0,2
BRDA:196,23,1,1
BRDA:197,24,0,2
BRDA:197,24,1,1
BRDA:198,25,0,2
BRDA:198,25,1,1
BRDA:204,26,0,2
BRDA:204,26,1,1
BRDA:205,27,0,2
BRDA:205,27,1,1
BRDA:206,28,0,2
BRDA:206,28,1,1
BRDA:212,29,0,1
BRDA:212,29,1,0
BRDA:213,30,0,1
BRDA:213,30,1,0
BRDA:214,31,0,1
BRDA:214,31,1,0
BRDA:215,32,0,1
BRDA:215,32,1,1
BRDA:224,33,0,1
BRDA:224,33,1,0
BRDA:225,34,0,1
BRDA:225,34,1,1
BRDA:226,35,0,1
BRDA:226,35,1,1
BRDA:234,36,0,1
BRDA:234,36,1,1
BRDA:235,37,0,1
BRDA:235,37,1,1
BRDA:236,38,0,1
BRDA:236,38,1,1
BRDA:237,39,0,1
BRDA:237,39,1,1
BRDA:238,40,0,1
BRDA:238,40,1,1
BRDA:239,41,0,1
BRDA:239,41,1,1
BRDA:240,42,0,1
BRDA:240,42,1,1
BRDA:241,43,0,1
BRDA:241,43,1,1
BRDA:242,44,0,1
BRDA:242,44,1,0
BRDA:243,45,0,1
BRDA:243,45,1,1
BRDA:244,46,0,1
BRDA:244,46,1,1
BRDA:250,47,0,1
BRDA:250,47,1,0
BRDA:251,48,0,1
BRDA:251,48,1,0
BRDA:252,49,0,1
BRDA:252,49,1,0
BRDA:253,50,0,1
BRDA:253,50,1,1
BRDA:254,51,0,1
BRDA:254,51,1,0
BRDA:255,52,0,1
BRDA:255,52,1,1
BRDA:256,53,0,1
BRDA:256,53,1,1
BRDA:257,54,0,1
BRDA:257,54,1,1
BRDA:258,55,0,1
BRDA:258,55,1,1
BRDA:259,56,0,1
BRDA:259,56,1,1
BRDA:260,57,0,1
BRDA:260,57,1,1
BRDA:261,58,0,1
BRDA:261,58,1,1
BRF:118
BRH:106
end_of_record
TN:
SF:src/lib/utils.ts
FN:5,cn
FN:10,formatCurrency
FN:20,formatNumber
FN:32,slugify
FN:41,truncateText
FN:47,isValidEmail
FN:53,isValidMobile
FN:59,formatMobile
FN:68,generateId
FN:78,debounce
FN:83,(anonymous_32)
FN:85,(anonymous_33)
FN:90,throttle
FN:95,(anonymous_35)
FN:99,(anonymous_36)
FN:105,calculateReadingTime
FN:112,getRelativeTime
FN:125,generateMetaTitle
FN:129,generateMetaDescription
FN:134,trackEvent
FN:146,getLocalStorage
FN:156,setLocalStorage
FN:168,isExternalUrl
FN:172,getBaseUrl
FN:188,validateField
FNF:25
FNH:25
FNDA:680,cn
FNDA:2,formatCurrency
FNDA:6,formatNumber
FNDA:2,slugify
FNDA:3,truncateText
FNDA:2,isValidEmail
FNDA:2,isValidMobile
FNDA:2,formatMobile
FNDA:1,generateId
FNDA:1,debounce
FNDA:2,(anonymous_32)
FNDA:1,(anonymous_33)
FNDA:1,throttle
FNDA:4,(anonymous_35)
FNDA:1,(anonymous_36)
FNDA:1,calculateReadingTime
FNDA:6,getRelativeTime
FNDA:1,generateMetaTitle
FNDA:1,generateMetaDescription
FNDA:2,trackEvent
FNDA:4,getLocalStorage
FNDA:3,setLocalStorage
FNDA:3,isExternalUrl
FNDA:3,getBaseUrl
FNDA:6,validateField
DA:1,12
DA:2,12
DA:5,680
DA:6,680
DA:10,2
DA:11,2
DA:20,6
DA:21,6
DA:22,1
DA:23,5
DA:24,2
DA:25,3
DA:26,2
DA:28,1
DA:32,2
DA:33,2
DA:41,2
DA:42,3
DA:43,2
DA:47,2
DA:48,2
DA:49,2
DA:53,2
DA:54,2
DA:55,2
DA:59,2
DA:60,2
DA:61,2
DA:62,1
DA:64,1
DA:68,1
DA:69,1
DA:70,1
DA:71,1
DA:72,12
DA:74,1
DA:78,1
DA:83,1
DA:84,2
DA:85,2
DA:90,1
DA:95,1
DA:96,4
DA:97,2
DA:98,2
DA:99,2
DA:105,1
DA:106,1
DA:107,1
DA:108,1
DA:112,6
DA:113,6
DA:114,6
DA:116,6
DA:117,5
DA:118,4
DA:119,3
DA:120,2
DA:121,1
DA:125,1
DA:126,1
DA:129,1
DA:130,1
DA:134,2
DA:135,2
DA:136,1
DA:140,2
DA:141,1
DA:146,4
DA:147,4
DA:148,4
DA:149,4
DA:151,1
DA:152,1
DA:156,3
DA:157,3
DA:158,3
DA:159,3
DA:160,2
DA:162,1
DA:163,1
DA:168,3
DA:169,3
DA:172,3
DA:173,3
DA:174,3
DA:176,0
DA:188,6
DA:189,6
DA:190,1
DA:193,5
DA:194,1
DA:197,4
DA:198,1
DA:201,3
DA:202,1
DA:205,2
DA:206,1
DA:209,1
LF:99
LH:98
BRDA:10,0,0,1
BRDA:21,1,0,1
BRDA:21,1,1,5
BRDA:23,2,0,2
BRDA:23,2,1,3
BRDA:25,3,0,2
BRDA:25,3,1,1
BRDA:42,4,0,1
BRDA:42,4,1,2
BRDA:61,5,0,1
BRDA:61,5,1,1
BRDA:68,6,0,0
BRDA:96,7,0,2
BRDA:96,7,1,2
BRDA:116,8,0,1
BRDA:116,8,1,5
BRDA:117,9,0,1
BRDA:117,9,1,4
BRDA:118,10,0,1
BRDA:118,10,1,3
BRDA:119,11,0,1
BRDA:119,11,1,2
BRDA:120,12,0,1
BRDA:120,12,1,1
BRDA:125,13,0,1
BRDA:129,14,0,1
BRDA:135,15,0,1
BRDA:135,15,1,1
BRDA:135,16,0,2
BRDA:135,16,1,2
BRDA:140,17,0,1
BRDA:140,17,1,1
BRDA:140,18,0,2
BRDA:140,18,1,2
BRDA:147,19,0,0
BRDA:147,19,1,4
BRDA:157,20,0,0
BRDA:157,20,1,3
BRDA:169,21,0,3
BRDA:169,21,1,2
BRDA:173,22,0,3
BRDA:173,22,1,0
BRDA:176,23,0,0
BRDA:176,23,1,0
BRDA:189,24,0,1
BRDA:189,24,1,5
BRDA:189,25,0,6
BRDA:189,25,1,2
BRDA:193,26,0,1
BRDA:193,26,1,4
BRDA:193,27,0,5
BRDA:193,27,1,2
BRDA:197,28,0,1
BRDA:197,28,1,3
BRDA:197,29,0,4
BRDA:197,29,1,2
BRDA:201,30,0,1
BRDA:201,30,1,2
BRDA:201,31,0,3
BRDA:201,31,1,2
BRDA:205,32,0,1
BRDA:205,32,1,1
BRDA:205,33,0,2
BRDA:205,33,1,2
BRF:64
BRH:58
end_of_record
TN:
SF:src/styles/design-tokens.ts
FNF:0
FNH:0
DA:14,63
DA:98,24
DA:155,8
DA:180,6
DA:196,7
DA:211,12
DA:223,11
DA:247,17
DA:289,18
LF:9
LH:9
BRF:0
BRH:0
end_of_record
