TN:
SF:src/app/layout.tsx
FN:20,RootLayout
FNF:1
FNH:0
FNDA:0,RootLayout
DA:2,0
DA:3,0
DA:5,0
DA:10,0
DA:15,0
DA:20,0
LF:6
LH:0
BRF:0
BRH:0
end_of_record
TN:
SF:src/app/page.tsx
FN:3,Home
FNF:1
FNH:0
FNDA:0,Home
DA:1,0
DA:3,0
LF:2
LH:0
BRF:0
BRH:0
end_of_record
TN:
SF:src/components/content/CTASection.tsx
FN:65,(anonymous_5)
FN:205,(anonymous_6)
FNF:2
FNH:0
FNDA:0,(anonymous_5)
FNDA:0,(anonymous_6)
DA:1,0
DA:2,0
DA:3,0
DA:4,0
DA:5,0
DA:9,0
DA:64,0
DA:81,0
DA:87,0
DA:195,0
DA:205,0
DA:232,0
LF:12
LH:0
BRDA:76,0,0,0
BRDA:77,1,0,0
BRDA:83,2,0,0
BRDA:83,2,1,0
BRDA:84,3,0,0
BRDA:84,3,1,0
BRDA:87,4,0,0
BRDA:87,4,1,0
BRDA:87,4,2,0
BRDA:87,4,3,0
BRDA:87,4,4,0
BRDA:94,5,0,0
BRDA:94,5,1,0
BRDA:104,6,0,0
BRDA:130,7,0,0
BRDA:130,7,1,0
BRDA:137,8,0,0
BRDA:137,8,1,0
BRDA:138,9,0,0
BRDA:138,9,1,0
BRDA:143,10,0,0
BRDA:143,10,1,0
BRDA:149,11,0,0
BRDA:152,12,0,0
BRDA:152,12,1,0
BRDA:161,13,0,0
BRDA:161,13,1,0
BRDA:162,14,0,0
BRDA:162,14,1,0
BRDA:167,15,0,0
BRDA:167,15,1,0
BRDA:167,16,0,0
BRDA:167,16,1,0
BRDA:174,17,0,0
BRDA:177,18,0,0
BRDA:177,18,1,0
BRDA:181,19,0,0
BRDA:181,19,1,0
BRDA:181,19,2,0
BRDA:208,20,0,0
BRDA:209,21,0,0
BRDA:219,22,0,0
BRDA:219,22,1,0
BRF:43
BRH:0
end_of_record
TN:
SF:src/components/content/FeatureCards.tsx
FN:79,(anonymous_6)
FN:125,(anonymous_7)
FN:212,(anonymous_8)
FN:221,(anonymous_9)
FNF:4
FNH:0
FNDA:0,(anonymous_6)
FNDA:0,(anonymous_7)
FNDA:0,(anonymous_8)
FNDA:0,(anonymous_9)
DA:1,0
DA:2,0
DA:3,0
DA:4,0
DA:5,0
DA:6,0
DA:7,0
DA:11,0
DA:29,0
DA:78,0
DA:126,0
DA:199,0
DA:212,0
DA:221,0
DA:248,0
LF:15
LH:0
BRDA:86,0,0,0
BRDA:87,1,0,0
BRDA:88,2,0,0
BRDA:89,3,0,0
BRDA:90,4,0,0
BRDA:103,5,0,0
BRDA:103,5,1,0
BRDA:103,5,2,0
BRDA:105,6,0,0
BRDA:110,7,0,0
BRDA:115,8,0,0
BRDA:133,9,0,0
BRDA:138,10,0,0
BRDA:138,10,1,0
BRDA:153,11,0,0
BRDA:153,11,1,0
BRDA:182,12,0,0
BRDA:218,13,0,0
BRDA:219,14,0,0
BRDA:224,15,0,0
BRDA:224,15,1,0
BRDA:227,16,0,0
BRDA:227,16,1,0
BRF:23
BRH:0
end_of_record
TN:
SF:src/components/content/Hero.tsx
FN:61,(anonymous_5)
FN:173,(anonymous_6)
FNF:2
FNH:0
FNDA:0,(anonymous_5)
FNDA:0,(anonymous_6)
DA:1,0
DA:2,0
DA:3,0
DA:4,0
DA:5,0
DA:9,0
DA:60,0
DA:76,0
DA:164,0
DA:173,0
DA:195,0
LF:11
LH:0
BRDA:71,0,0,0
BRDA:76,1,0,0
BRDA:76,1,1,0
BRDA:83,2,0,0
BRDA:83,2,1,0
BRDA:88,3,0,0
BRDA:88,3,1,0
BRDA:95,4,0,0
BRDA:95,4,1,0
BRDA:96,5,0,0
BRDA:96,5,1,0
BRDA:101,6,0,0
BRDA:101,6,1,0
BRDA:101,7,0,0
BRDA:101,7,1,0
BRDA:101,7,2,0
BRDA:101,7,3,0
BRDA:109,8,0,0
BRDA:112,9,0,0
BRDA:112,9,1,0
BRDA:112,10,0,0
BRDA:112,10,1,0
BRDA:112,10,2,0
BRDA:112,10,3,0
BRDA:121,11,0,0
BRDA:121,11,1,0
BRDA:124,12,0,0
BRDA:124,12,1,0
BRDA:125,13,0,0
BRDA:125,13,1,0
BRDA:128,14,0,0
BRDA:131,15,0,0
BRDA:131,15,1,0
BRDA:131,16,0,0
BRDA:131,16,1,0
BRDA:131,16,2,0
BRDA:131,16,3,0
BRDA:138,17,0,0
BRDA:152,18,0,0
BRDA:176,19,0,0
BRDA:188,20,0,0
BRDA:188,20,1,0
BRF:42
BRH:0
end_of_record
TN:
SF:src/components/layout/Container.tsx
FNF:0
FNH:0
DA:1,0
DA:2,0
DA:3,0
DA:6,0
DA:49,0
DA:51,0
LF:6
LH:0
BRDA:40,0,0,0
BRF:1
BRH:0
end_of_record
TN:
SF:src/components/layout/Footer.tsx
FN:145,(anonymous_2)
FN:172,(anonymous_3)
FN:186,(anonymous_4)
FN:192,(anonymous_5)
FN:219,(anonymous_6)
FN:235,(anonymous_7)
FNF:6
FNH:0
FNDA:0,(anonymous_2)
FNDA:0,(anonymous_3)
FNDA:0,(anonymous_4)
FNDA:0,(anonymous_5)
FNDA:0,(anonymous_6)
FNDA:0,(anonymous_7)
DA:1,0
DA:2,0
DA:3,0
DA:4,0
DA:43,0
DA:87,0
DA:127,0
DA:135,0
DA:145,0
DA:173,0
DA:187,0
DA:193,0
DA:220,0
DA:236,0
DA:291,0
LF:15
LH:0
BRDA:147,0,0,0
BRDA:148,1,0,0
BRDA:149,2,0,0
BRDA:150,3,0,0
BRDA:209,4,0,0
BRDA:213,5,0,0
BRDA:229,6,0,0
BRDA:249,7,0,0
BRDA:266,8,0,0
BRDA:273,9,0,0
BRF:10
BRH:0
end_of_record
TN:
SF:src/components/layout/Grid.tsx
FNF:0
FNH:0
DA:1,0
DA:2,0
DA:3,0
DA:6,0
DA:63,0
DA:66,0
DA:118,0
DA:120,0
LF:8
LH:0
BRDA:54,0,0,0
BRDA:109,1,0,0
BRF:2
BRH:0
end_of_record
TN:
SF:src/components/layout/Header.tsx
FN:48,(anonymous_5)
FN:55,(anonymous_6)
FN:81,(anonymous_7)
FN:109,(anonymous_8)
FN:180,(anonymous_9)
FN:185,(anonymous_10)
FN:191,(anonymous_11)
FN:196,(anonymous_12)
FNF:8
FNH:0
FNDA:0,(anonymous_5)
FNDA:0,(anonymous_6)
FNDA:0,(anonymous_7)
FNDA:0,(anonymous_8)
FNDA:0,(anonymous_9)
FNDA:0,(anonymous_10)
FNDA:0,(anonymous_11)
FNDA:0,(anonymous_12)
DA:1,0
DA:2,0
DA:3,0
DA:4,0
DA:5,0
DA:22,0
DA:48,0
DA:53,0
DA:55,0
DA:56,0
DA:82,0
DA:110,0
DA:181,0
DA:185,0
DA:192,0
DA:196,0
DA:223,0
LF:17
LH:0
BRDA:49,0,0,0
BRDA:51,1,0,0
BRDA:63,2,0,0
BRDA:63,2,1,0
BRDA:88,3,0,0
BRDA:106,4,0,0
BRDA:143,5,0,0
BRDA:177,6,0,0
BRDA:189,7,0,0
BRF:9
BRH:0
end_of_record
TN:
SF:src/components/layout/Layout.tsx
FN:13,(anonymous_2)
FNF:1
FNH:0
FNDA:0,(anonymous_2)
DA:1,0
DA:2,0
DA:3,0
DA:4,0
DA:13,0
DA:30,0
LF:6
LH:0
BRDA:16,0,0,0
BRDA:17,1,0,0
BRDA:21,2,0,0
BRDA:21,2,1,0
BRDA:25,3,0,0
BRDA:25,3,1,0
BRF:6
BRH:0
end_of_record
TN:
SF:src/components/templates/HomePage.tsx
FN:59,(anonymous_4)
FN:82,(anonymous_5)
FN:191,(anonymous_6)
FN:216,(anonymous_7)
FNF:4
FNH:0
FNDA:0,(anonymous_4)
FNDA:0,(anonymous_5)
FNDA:0,(anonymous_6)
FNDA:0,(anonymous_7)
DA:1,0
DA:2,0
DA:3,0
DA:4,0
DA:5,0
DA:6,0
DA:7,0
DA:8,0
DA:9,0
DA:10,0
DA:60,0
DA:82,0
DA:84,0
DA:99,0
DA:102,0
DA:150,0
DA:192,0
DA:217,0
DA:292,0
LF:19
LH:0
BRDA:42,0,0,0
BRDA:46,1,0,0
BRDA:57,2,0,0
BRDA:99,3,0,0
BRDA:99,3,1,0
BRF:5
BRH:0
end_of_record
TN:
SF:src/components/ui/Button.tsx
FN:49,(anonymous_4)
FNF:1
FNH:0
FNDA:0,(anonymous_4)
DA:1,0
DA:2,0
DA:3,0
DA:6,0
DA:48,0
DA:62,0
DA:106,0
DA:108,0
LF:8
LH:0
BRDA:54,0,0,0
BRDA:55,1,0,0
BRDA:62,2,0,0
BRDA:62,2,1,0
BRDA:72,3,0,0
BRDA:94,4,0,0
BRDA:94,4,1,0
BRDA:98,5,0,0
BRDA:98,5,1,0
BRF:9
BRH:0
end_of_record
TN:
SF:src/components/ui/Card.tsx
FNF:0
FNH:0
DA:1,0
DA:2,0
DA:3,0
DA:6,0
DA:54,0
DA:66,0
DA:80,0
DA:94,0
DA:104,0
DA:118,0
DA:121,0
DA:122,0
DA:123,0
DA:124,0
DA:125,0
DA:126,0
DA:127,0
LF:17
LH:0
BRF:0
BRH:0
end_of_record
TN:
SF:src/components/ui/Input.tsx
FN:39,(anonymous_4)
FNF:1
FNH:0
FNDA:0,(anonymous_4)
DA:1,0
DA:2,0
DA:3,0
DA:6,0
DA:38,0
DA:52,0
DA:53,0
DA:54,0
DA:116,0
DA:118,0
LF:10
LH:0
BRDA:43,0,0,0
BRDA:52,1,0,0
BRDA:52,1,1,0
BRDA:54,2,0,0
BRDA:54,2,1,0
BRDA:58,3,0,0
BRDA:67,4,0,0
BRDA:77,5,0,0
BRDA:77,5,1,0
BRDA:78,6,0,0
BRDA:78,6,1,0
BRDA:84,7,0,0
BRDA:84,7,1,0
BRDA:84,8,0,0
BRDA:84,8,1,0
BRDA:88,9,0,0
BRDA:94,10,0,0
BRDA:103,11,0,0
BRDA:103,11,1,0
BRF:19
BRH:0
end_of_record
TN:
SF:src/lib/content-management.ts
FN:40,validateHomePage
FN:71,validateProductPage
FN:129,(anonymous_12)
FN:137,(anonymous_13)
FN:146,(anonymous_14)
FN:154,(anonymous_15)
FN:158,(anonymous_16)
FN:160,(anonymous_17)
FN:187,(anonymous_19)
FN:233,(anonymous_20)
FN:239,(anonymous_21)
FN:243,(anonymous_22)
FN:252,(anonymous_23)
FN:253,(anonymous_24)
FN:272,auditExistingContent
FN:288,(anonymous_27)
FN:310,(anonymous_28)
FN:311,(anonymous_29)
FN:313,(anonymous_30)
FN:359,generatePreviewUrl
FN:364,validatePreviewSecret
FNF:21
FNH:21
FNDA:6,validateHomePage
FNDA:5,validateProductPage
FNDA:6,(anonymous_12)
FNDA:1,(anonymous_13)
FNDA:2,(anonymous_14)
FNDA:4,(anonymous_15)
FNDA:2,(anonymous_16)
FNDA:6,(anonymous_17)
FNDA:5,(anonymous_19)
FNDA:35,(anonymous_20)
FNDA:7,(anonymous_21)
FNDA:4,(anonymous_22)
FNDA:3,(anonymous_23)
FNDA:21,(anonymous_24)
FNDA:4,auditExistingContent
FNDA:12,(anonymous_27)
FNDA:3,(anonymous_28)
FNDA:15,(anonymous_29)
FNDA:12,(anonymous_30)
FNDA:2,generatePreviewUrl
FNDA:3,validatePreviewSecret
DA:19,1
DA:40,4
DA:41,6
DA:42,6
DA:45,6
DA:46,6
DA:47,6
DA:48,6
DA:49,6
DA:52,6
DA:53,1
DA:55,6
DA:56,1
DA:60,6
DA:61,3
DA:64,6
DA:71,5
DA:72,5
DA:73,5
DA:76,5
DA:77,5
DA:78,5
DA:79,5
DA:82,5
DA:83,1
DA:87,5
DA:88,3
DA:89,2
DA:91,3
DA:92,1
DA:96,5
DA:97,1
DA:98,1
DA:103,5
DA:104,0
DA:107,5
DA:126,6
DA:127,6
DA:130,6
DA:138,1
DA:139,1
DA:140,1
DA:141,1
DA:142,1
DA:147,2
DA:148,2
DA:149,2
DA:150,2
DA:155,4
DA:159,2
DA:160,2
DA:161,6
DA:162,3
DA:165,2
DA:183,5
DA:184,5
DA:188,5
DA:233,5
DA:234,35
DA:235,35
DA:240,7
DA:244,4
DA:245,4
DA:246,4
DA:247,4
DA:248,4
DA:253,21
DA:272,4
DA:273,4
DA:274,4
DA:281,3
DA:288,12
DA:290,3
DA:291,3
DA:292,3
DA:295,3
DA:296,2
DA:297,2
DA:298,2
DA:299,0
DA:305,1
DA:309,3
DA:310,3
DA:311,15
DA:313,3
DA:314,12
DA:318,3
DA:319,3
DA:322,3
DA:323,0
DA:326,3
DA:327,3
DA:330,3
DA:339,1
DA:340,1
DA:359,2
DA:360,2
DA:361,2
DA:364,3
DA:365,3
DA:366,3
DA:374,1
DA:375,2
DA:378,1
LF:104
LH:101
BRDA:45,0,0,1
BRDA:45,0,1,5
BRDA:46,1,0,1
BRDA:46,1,1,5
BRDA:47,2,0,1
BRDA:47,2,1,5
BRDA:48,3,0,1
BRDA:48,3,1,5
BRDA:49,4,0,1
BRDA:49,4,1,5
BRDA:52,5,0,1
BRDA:52,5,1,5
BRDA:52,6,0,6
BRDA:52,6,1,5
BRDA:55,7,0,1
BRDA:55,7,1,5
BRDA:55,8,0,6
BRDA:55,8,1,5
BRDA:60,9,0,3
BRDA:60,9,1,3
BRDA:60,10,0,6
BRDA:60,10,1,4
BRDA:76,11,0,1
BRDA:76,11,1,4
BRDA:77,12,0,1
BRDA:77,12,1,4
BRDA:78,13,0,1
BRDA:78,13,1,4
BRDA:79,14,0,1
BRDA:79,14,1,4
BRDA:82,15,0,1
BRDA:82,15,1,4
BRDA:82,16,0,5
BRDA:82,16,1,4
BRDA:87,17,0,3
BRDA:87,17,1,2
BRDA:88,18,0,2
BRDA:88,18,1,1
BRDA:91,19,0,1
BRDA:91,19,1,2
BRDA:96,20,0,1
BRDA:96,20,1,4
BRDA:97,21,0,1
BRDA:97,21,1,0
BRDA:103,22,0,0
BRDA:103,22,1,5
BRDA:103,23,0,5
BRDA:103,23,1,4
BRDA:129,24,0,2
BRDA:139,25,0,1
BRDA:139,25,1,0
BRDA:142,26,0,1
BRDA:142,26,1,0
BRDA:148,27,0,2
BRDA:148,27,1,0
BRDA:149,28,0,1
BRDA:149,28,1,1
BRDA:161,29,0,3
BRDA:161,29,1,3
BRDA:245,30,0,4
BRDA:245,30,1,0
BRDA:247,31,0,1
BRDA:247,31,1,3
BRDA:248,32,0,1
BRDA:248,32,1,3
BRDA:282,33,0,2
BRDA:282,33,1,1
BRDA:295,34,0,2
BRDA:295,34,1,1
BRDA:298,35,0,0
BRDA:298,35,1,2
BRDA:298,36,0,2
BRDA:298,36,1,2
BRDA:318,37,0,3
BRDA:318,37,1,0
BRDA:322,38,0,0
BRDA:322,38,1,3
BRDA:326,39,0,3
BRDA:326,39,1,0
BRDA:360,40,0,2
BRDA:360,40,1,1
BRDA:366,41,0,3
BRDA:366,41,1,2
BRF:83
BRH:73
end_of_record
TN:
SF:src/lib/contentful.ts
FN:25,getEntries
FN:39,getEntry
FN:50,getHomePage
FN:60,getProductPages
FN:64,getProductPageBySlug
FN:78,getCorporatePages
FN:82,getCorporatePageBySlug
FN:96,getSiteNavigation
FN:107,getAssetUrl
FN:113,getOptimizedImageUrl
FN:133,extractPlainText
FN:137,(anonymous_31)
FN:156,getPreviewEntry
FN:167,getAllProductSlugs
FN:170,(anonymous_34)
FN:177,getAllCorporateSlugs
FN:180,(anonymous_36)
FN:188,transformHomePage
FN:210,transformProductPage
FN:248,transformCorporatePage
FN:265,transformSiteNavigation
FNF:21
FNH:20
FNDA:14,getEntries
FNDA:2,getEntry
FNDA:3,getHomePage
FNDA:3,getProductPages
FNDA:3,getProductPageBySlug
FNDA:3,getCorporatePages
FNDA:2,getCorporatePageBySlug
FNDA:2,getSiteNavigation
FNDA:8,getAssetUrl
FNDA:3,getOptimizedImageUrl
FNDA:3,extractPlainText
FNDA:3,(anonymous_31)
FNDA:0,getPreviewEntry
FNDA:2,getAllProductSlugs
FNDA:3,(anonymous_34)
FNDA:2,getAllCorporateSlugs
FNDA:2,(anonymous_36)
FNDA:2,transformHomePage
FNDA:1,transformProductPage
FNDA:1,transformCorporatePage
FNDA:1,transformSiteNavigation
DA:1,1
DA:19,1
DA:25,3
DA:26,14
DA:27,14
DA:31,9
DA:33,5
DA:34,5
DA:39,2
DA:40,2
DA:41,2
DA:42,1
DA:44,1
DA:45,1
DA:50,3
DA:51,3
DA:52,3
DA:53,3
DA:55,0
DA:56,0
DA:60,1
DA:61,3
DA:64,3
DA:65,3
DA:66,3
DA:71,2
DA:73,1
DA:74,1
DA:78,1
DA:79,3
DA:82,2
DA:83,2
DA:84,2
DA:89,1
DA:91,1
DA:92,1
DA:96,2
DA:97,2
DA:98,2
DA:99,2
DA:101,0
DA:102,0
DA:107,5
DA:108,8
DA:109,4
DA:110,4
DA:113,3
DA:119,3
DA:120,3
DA:122,2
DA:123,2
DA:124,2
DA:125,2
DA:126,2
DA:127,2
DA:129,2
DA:133,3
DA:134,3
DA:136,1
DA:137,1
DA:138,3
DA:139,2
DA:140,1
DA:141,1
DA:145,1
DA:146,1
DA:150,1
DA:156,1
DA:157,0
DA:158,0
DA:159,0
DA:161,0
DA:162,0
DA:167,2
DA:168,2
DA:169,2
DA:170,3
DA:172,0
DA:173,0
DA:177,2
DA:178,2
DA:179,2
DA:180,2
DA:182,0
DA:183,0
DA:188,2
DA:189,2
DA:210,1
DA:211,1
DA:248,1
DA:249,1
DA:265,1
DA:266,1
LF:93
LH:80
BRDA:20,0,0,1
BRDA:20,0,1,1
BRDA:21,1,0,1
BRDA:21,1,1,1
BRDA:29,2,0,14
BRDA:29,2,1,8
BRDA:53,3,0,3
BRDA:53,3,1,2
BRDA:71,4,0,2
BRDA:71,4,1,1
BRDA:89,5,0,1
BRDA:89,5,1,0
BRDA:99,6,0,2
BRDA:99,6,1,1
BRDA:108,7,0,4
BRDA:108,7,1,4
BRDA:110,8,0,1
BRDA:110,8,1,3
BRDA:120,9,0,1
BRDA:120,9,1,2
BRDA:123,10,0,2
BRDA:123,10,1,0
BRDA:124,11,0,1
BRDA:124,11,1,1
BRDA:125,12,0,1
BRDA:125,12,1,1
BRDA:134,13,0,2
BRDA:134,13,1,1
BRDA:138,14,0,2
BRDA:138,14,1,1
BRDA:140,15,0,1
BRDA:140,15,1,0
BRDA:151,16,0,1
BRDA:151,16,1,1
BRDA:152,17,0,1
BRDA:152,17,1,1
BRDA:190,18,0,2
BRDA:190,18,1,1
BRDA:191,19,0,2
BRDA:191,19,1,1
BRDA:192,20,0,2
BRDA:192,20,1,1
BRDA:194,21,0,2
BRDA:194,21,1,1
BRDA:195,22,0,2
BRDA:195,22,1,1
BRDA:196,23,0,2
BRDA:196,23,1,1
BRDA:197,24,0,2
BRDA:197,24,1,1
BRDA:198,25,0,2
BRDA:198,25,1,1
BRDA:204,26,0,2
BRDA:204,26,1,1
BRDA:205,27,0,2
BRDA:205,27,1,1
BRDA:206,28,0,2
BRDA:206,28,1,1
BRDA:212,29,0,1
BRDA:212,29,1,0
BRDA:213,30,0,1
BRDA:213,30,1,0
BRDA:214,31,0,1
BRDA:214,31,1,0
BRDA:215,32,0,1
BRDA:215,32,1,1
BRDA:224,33,0,1
BRDA:224,33,1,0
BRDA:225,34,0,1
BRDA:225,34,1,1
BRDA:226,35,0,1
BRDA:226,35,1,1
BRDA:234,36,0,1
BRDA:234,36,1,1
BRDA:235,37,0,1
BRDA:235,37,1,1
BRDA:236,38,0,1
BRDA:236,38,1,1
BRDA:237,39,0,1
BRDA:237,39,1,1
BRDA:238,40,0,1
BRDA:238,40,1,1
BRDA:239,41,0,1
BRDA:239,41,1,1
BRDA:240,42,0,1
BRDA:240,42,1,1
BRDA:241,43,0,1
BRDA:241,43,1,1
BRDA:242,44,0,1
BRDA:242,44,1,0
BRDA:243,45,0,1
BRDA:243,45,1,1
BRDA:244,46,0,1
BRDA:244,46,1,1
BRDA:250,47,0,1
BRDA:250,47,1,0
BRDA:251,48,0,1
BRDA:251,48,1,0
BRDA:252,49,0,1
BRDA:252,49,1,0
BRDA:253,50,0,1
BRDA:253,50,1,1
BRDA:254,51,0,1
BRDA:254,51,1,0
BRDA:255,52,0,1
BRDA:255,52,1,1
BRDA:256,53,0,1
BRDA:256,53,1,1
BRDA:257,54,0,1
BRDA:257,54,1,1
BRDA:258,55,0,1
BRDA:258,55,1,1
BRDA:259,56,0,1
BRDA:259,56,1,1
BRDA:260,57,0,1
BRDA:260,57,1,1
BRDA:261,58,0,1
BRDA:261,58,1,1
BRF:118
BRH:106
end_of_record
TN:
SF:src/lib/utils.ts
FN:5,cn
FN:10,formatCurrency
FN:20,formatNumber
FN:32,slugify
FN:41,truncateText
FN:47,isValidEmail
FN:53,isValidMobile
FN:59,formatMobile
FN:68,generateId
FN:78,debounce
FN:83,(anonymous_32)
FN:85,(anonymous_33)
FN:90,throttle
FN:95,(anonymous_35)
FN:99,(anonymous_36)
FN:105,calculateReadingTime
FN:112,getRelativeTime
FN:125,generateMetaTitle
FN:129,generateMetaDescription
FN:134,trackEvent
FN:146,getLocalStorage
FN:156,setLocalStorage
FN:168,isExternalUrl
FN:172,getBaseUrl
FN:188,validateField
FNF:25
FNH:25
FNDA:3,cn
FNDA:2,formatCurrency
FNDA:6,formatNumber
FNDA:2,slugify
FNDA:3,truncateText
FNDA:2,isValidEmail
FNDA:2,isValidMobile
FNDA:2,formatMobile
FNDA:1,generateId
FNDA:1,debounce
FNDA:2,(anonymous_32)
FNDA:1,(anonymous_33)
FNDA:1,throttle
FNDA:4,(anonymous_35)
FNDA:1,(anonymous_36)
FNDA:1,calculateReadingTime
FNDA:6,getRelativeTime
FNDA:1,generateMetaTitle
FNDA:1,generateMetaDescription
FNDA:2,trackEvent
FNDA:4,getLocalStorage
FNDA:3,setLocalStorage
FNDA:3,isExternalUrl
FNDA:3,getBaseUrl
FNDA:6,validateField
DA:1,1
DA:2,1
DA:5,3
DA:6,3
DA:10,2
DA:11,2
DA:20,6
DA:21,6
DA:22,1
DA:23,5
DA:24,2
DA:25,3
DA:26,2
DA:28,1
DA:32,2
DA:33,2
DA:41,2
DA:42,3
DA:43,2
DA:47,2
DA:48,2
DA:49,2
DA:53,2
DA:54,2
DA:55,2
DA:59,2
DA:60,2
DA:61,2
DA:62,1
DA:64,1
DA:68,1
DA:69,1
DA:70,1
DA:71,1
DA:72,12
DA:74,1
DA:78,1
DA:83,1
DA:84,2
DA:85,2
DA:90,1
DA:95,1
DA:96,4
DA:97,2
DA:98,2
DA:99,2
DA:105,1
DA:106,1
DA:107,1
DA:108,1
DA:112,6
DA:113,6
DA:114,6
DA:116,6
DA:117,5
DA:118,4
DA:119,3
DA:120,2
DA:121,1
DA:125,1
DA:126,1
DA:129,1
DA:130,1
DA:134,2
DA:135,2
DA:136,1
DA:140,2
DA:141,1
DA:146,4
DA:147,4
DA:148,4
DA:149,4
DA:151,1
DA:152,1
DA:156,3
DA:157,3
DA:158,3
DA:159,3
DA:160,2
DA:162,1
DA:163,1
DA:168,3
DA:169,3
DA:172,3
DA:173,3
DA:174,3
DA:176,0
DA:188,6
DA:189,6
DA:190,1
DA:193,5
DA:194,1
DA:197,4
DA:198,1
DA:201,3
DA:202,1
DA:205,2
DA:206,1
DA:209,1
LF:99
LH:98
BRDA:10,0,0,1
BRDA:21,1,0,1
BRDA:21,1,1,5
BRDA:23,2,0,2
BRDA:23,2,1,3
BRDA:25,3,0,2
BRDA:25,3,1,1
BRDA:42,4,0,1
BRDA:42,4,1,2
BRDA:61,5,0,1
BRDA:61,5,1,1
BRDA:68,6,0,0
BRDA:96,7,0,2
BRDA:96,7,1,2
BRDA:116,8,0,1
BRDA:116,8,1,5
BRDA:117,9,0,1
BRDA:117,9,1,4
BRDA:118,10,0,1
BRDA:118,10,1,3
BRDA:119,11,0,1
BRDA:119,11,1,2
BRDA:120,12,0,1
BRDA:120,12,1,1
BRDA:125,13,0,1
BRDA:129,14,0,1
BRDA:135,15,0,1
BRDA:135,15,1,1
BRDA:135,16,0,2
BRDA:135,16,1,2
BRDA:140,17,0,1
BRDA:140,17,1,1
BRDA:140,18,0,2
BRDA:140,18,1,2
BRDA:147,19,0,0
BRDA:147,19,1,4
BRDA:157,20,0,0
BRDA:157,20,1,3
BRDA:169,21,0,3
BRDA:169,21,1,2
BRDA:173,22,0,3
BRDA:173,22,1,0
BRDA:176,23,0,0
BRDA:176,23,1,0
BRDA:189,24,0,1
BRDA:189,24,1,5
BRDA:189,25,0,6
BRDA:189,25,1,2
BRDA:193,26,0,1
BRDA:193,26,1,4
BRDA:193,27,0,5
BRDA:193,27,1,2
BRDA:197,28,0,1
BRDA:197,28,1,3
BRDA:197,29,0,4
BRDA:197,29,1,2
BRDA:201,30,0,1
BRDA:201,30,1,2
BRDA:201,31,0,3
BRDA:201,31,1,2
BRDA:205,32,0,1
BRDA:205,32,1,1
BRDA:205,33,0,2
BRDA:205,33,1,2
BRF:64
BRH:58
end_of_record
TN:
SF:src/styles/design-tokens.ts
FNF:0
FNH:0
DA:14,63
DA:98,24
DA:155,8
DA:180,6
DA:196,7
DA:211,12
DA:223,11
DA:247,17
DA:289,18
LF:9
LH:9
BRF:0
BRH:0
end_of_record
